Assignment3/installed/build/outputs/mapping/release/mapping.txt
# compiler: R8
# compiler_version: 1.5.64
# min_api: 21
# pg_map_id: 1904695
com.haad.cv.activities.ScrollingActivity -> com.haad.cv.activities.ScrollingActivity:
    com.google.android.material.tabs.TabLayout tabLayout -> s
    1:1:android.graphics.Typeface com.rhexgomez.typer.roboto.TyperRoboto.ROBOTO_REGULAR():0:0 -> onCreate
    1:1:void onCreate(android.os.Bundle):0 -> onCreate
    2:2:void onCreate(android.os.Bundle):0:0 -> onCreate
    3:3:android.graphics.Typeface com.rhexgomez.typer.roboto.TyperRoboto.ROBOTO_REGULAR():0:0 -> onCreate
    3:3:void onCreate(android.os.Bundle):0 -> onCreate
    4:4:void onCreate(android.os.Bundle):0:0 -> onCreate
    5:5:void com.squareup.picasso.RequestCreator.into(android.widget.ImageView):0:0 -> onCreate
    5:5:void onCreate(android.os.Bundle):0 -> onCreate
    6:6:com.haad.cv.fragments.AboutFragment com.haad.cv.fragments.AboutFragment.newInstance():0:0 -> onCreate
    6:6:void onCreate(android.os.Bundle):0 -> onCreate
    7:7:void com.haad.cv.adapters.ViewPagerAdapter.addFragment(androidx.fragment.app.Fragment,java.lang.String):0:0 -> onCreate
    7:7:void onCreate(android.os.Bundle):0 -> onCreate
    8:8:com.haad.cv.fragments.EducationFragment com.haad.cv.fragments.EducationFragment.newInstance():0:0 -> onCreate
    8:8:void onCreate(android.os.Bundle):0 -> onCreate
    9:9:void com.haad.cv.adapters.ViewPagerAdapter.addFragment(androidx.fragment.app.Fragment,java.lang.String):0:0 -> onCreate
    9:9:void onCreate(android.os.Bundle):0 -> onCreate
com.haad.cv.activities.ScrollingActivity$1 -> a.e.a.a.a:
    1:1:android.graphics.drawable.Drawable com.google.android.material.tabs.TabLayout$Tab.getIcon():0:0 -> a
    1:1:void onTabUnselected(com.google.android.material.tabs.TabLayout$Tab):0 -> a
    2:2:void onTabUnselected(com.google.android.material.tabs.TabLayout$Tab):0:0 -> a
    1:1:int com.google.android.material.tabs.TabLayout$Tab.getPosition():0:0 -> b
    1:1:void onTabSelected(com.google.android.material.tabs.TabLayout$Tab):0 -> b
    2:2:android.graphics.drawable.Drawable com.google.android.material.tabs.TabLayout$Tab.getIcon():0:0 -> b
    2:2:void onTabSelected(com.google.android.material.tabs.TabLayout$Tab):0 -> b
    3:3:void onTabSelected(com.google.android.material.tabs.TabLayout$Tab):0:0 -> b
    4:4:int com.google.android.material.tabs.TabLayout$Tab.getPosition():0:0 -> b
    4:4:void onTabSelected(com.google.android.material.tabs.TabLayout$Tab):0 -> b
    5:5:android.graphics.drawable.Drawable com.google.android.material.tabs.TabLayout$Tab.getIcon():0:0 -> b
    5:5:void onTabSelected(com.google.android.material.tabs.TabLayout$Tab):0 -> b
    6:6:void onTabSelected(com.google.android.material.tabs.TabLayout$Tab):0:0 -> b
    7:7:int com.google.android.material.tabs.TabLayout$Tab.getPosition():0:0 -> b
    7:7:void onTabSelected(com.google.android.material.tabs.TabLayout$Tab):0 -> b
    8:8:android.graphics.drawable.Drawable com.google.android.material.tabs.TabLayout$Tab.getIcon():0:0 -> b
com.haad.cv.adapters.-$$Lambda$AboutAdapter$7_uD7BWwmgEl2woYcfQhY9CSVVA -> a.e.a.b.a:
    com.haad.cv.adapters.AboutAdapter f$0 -> b
com.haad.cv.adapters.-$$Lambda$AboutAdapter$95awqfliYS1RHrkam2Dzvv1eK1Y -> a.e.a.b.b:
    com.haad.cv.adapters.AboutAdapter f$0 -> b
com.haad.cv.adapters.-$$Lambda$AboutAdapter$A-Jn3Hug_8XsK1ysjse4VO9R4OE -> a.e.a.b.c:
    com.haad.cv.adapters.AboutAdapter f$0 -> b
com.haad.cv.adapters.-$$Lambda$AboutAdapter$BVoCZxi5DzA7OsVtnLIT0F_560s -> a.e.a.b.d:
    com.haad.cv.adapters.AboutAdapter f$0 -> b
com.haad.cv.adapters.-$$Lambda$AboutAdapter$C8Q_yxaedXpU_GPbQRxlJwPuKs0 -> a.e.a.b.e:
    com.haad.cv.adapters.AboutAdapter f$0 -> b
com.haad.cv.adapters.-$$Lambda$AboutAdapter$CBIQT3WnfoAiCE7SQ6bGBOYplIY -> a.e.a.b.f:
    com.haad.cv.adapters.AboutAdapter f$0 -> b
com.haad.cv.adapters.-$$Lambda$AboutAdapter$M_Hnror_B59SA0uMC-AUU3S3L5M -> a.e.a.b.g:
    com.haad.cv.adapters.AboutAdapter f$0 -> b
com.haad.cv.adapters.-$$Lambda$AboutAdapter$Nvnbr7FfuC8Weln5lnUI9heb6zc -> a.e.a.b.h:
    com.haad.cv.adapters.AboutAdapter f$0 -> b
...
androidx.recyclerview.widget.DefaultItemAnimator$1 -> c.q.c.c:
    androidx.recyclerview.widget.DefaultItemAnimator this$0 -> c
    java.util.ArrayList val$moves -> b
androidx.recyclerview.widget.DefaultItemAnimator$2 -> c.q.c.d:
    androidx.recyclerview.widget.DefaultItemAnimator this$0 -> c
    java.util.ArrayList val$changes -> b
androidx.recyclerview.widget.DefaultItemAnimator$3 -> c.q.c.e:
    androidx.recyclerview.widget.DefaultItemAnimator this$0 -> c
    java.util.ArrayList val$additions -> b
androidx.recyclerview.widget.DefaultItemAnimator$4 -> c.q.c.f:
    androidx.recyclerview.widget.DefaultItemAnimator this$0 -> d
    androidx.recyclerview.widget.RecyclerView$ViewHolder val$holder -> a
    android.view.ViewPropertyAnimator val$animation -> b
    android.view.View val$view -> c
    1:1:void androidx.recyclerview.widget.SimpleItemAnimator.dispatchRemoveFinished(androidx.recyclerview.widget.RecyclerView$ViewHolder):0:0 -> onAnimationEnd
    1:1:void onAnimationEnd(android.animation.Animator):0 -> onAnimationEnd
    2:2:void onAnimationEnd(android.animation.Animator):0:0 -> onAnimationEnd
androidx.recyclerview.widget.DefaultItemAnimator$5 -> c.q.c.g$a:
    androidx.recyclerview.widget.DefaultItemAnimator this$0 -> d
    androidx.recyclerview.widget.RecyclerView$ViewHolder val$holder -> a
    android.view.ViewPropertyAnimator val$animation -> c
    android.view.View val$view -> b
    1:1:void androidx.recyclerview.widget.SimpleItemAnimator.dispatchAddFinished(androidx.recyclerview.widget.RecyclerView$ViewHolder):0:0 -> onAnimationEnd
    1:1:void onAnimationEnd(android.animation.Animator):0 -> onAnimationEnd
    2:2:void onAnimationEnd(android.animation.Animator):0:0 -> onAnimationEnd
androidx.recyclerview.widget.DefaultItemAnimator$6 -> c.q.c.g$b:
    androidx.recyclerview.widget.RecyclerView$ViewHolder val$holder -> a
    android.view.ViewPropertyAnimator val$animation -> e
    androidx.recyclerview.widget.DefaultItemAnimator this$0 -> f
    android.view.View val$view -> c
    int val$deltaY -> d
    int val$deltaX -> b
    1:1:void androidx.recyclerview.widget.SimpleItemAnimator.dispatchMoveFinished(androidx.recyclerview.widget.RecyclerView$ViewHolder):0:0 -> onAnimationEnd
    1:1:void onAnimationEnd(android.animation.Animator):0 -> onAnimationEnd
    2:2:void onAnimationEnd(android.animation.Animator):0:0 -> onAnimationEnd
androidx.recyclerview.widget.DefaultItemAnimator$7 -> c.q.c.g$c:
    androidx.recyclerview.widget.DefaultItemAnimator this$0 -> d
    androidx.recyclerview.widget.DefaultItemAnimator$ChangeInfo val$changeInfo -> a
    android.view.ViewPropertyAnimator val$oldViewAnim -> b
    android.view.View val$view -> c
androidx.recyclerview.widget.DefaultItemAnimator$8 -> c.q.c.g$d:
    androidx.recyclerview.widget.DefaultItemAnimator this$0 -> d
    androidx.recyclerview.widget.DefaultItemAnimator$ChangeInfo val$changeInfo -> a
    android.view.ViewPropertyAnimator val$newViewAnimation -> b
    android.view.View val$newView -> c
androidx.recyclerview.widget.DefaultItemAnimator$ChangeInfo -> c.q.c.g$e:
    androidx.recyclerview.widget.RecyclerView$ViewHolder oldHolder -> a
    androidx.recyclerview.widget.RecyclerView$ViewHolder newHolder -> b
    int toY -> f
    int fromY -> d
    int toX -> e
    int fromX -> c
    1:1:void <init>(androidx.recyclerview.widget.RecyclerView$ViewHolder,androidx.recyclerview.widget.RecyclerView$ViewHolder):0:0 -> <init>
    1:1:void <init>(androidx.recyclerview.widget.RecyclerView$ViewHolder,androidx.recyclerview.widget.RecyclerView$ViewHolder,int,int,int,int):0 -> <init>
    2:2:void <init>(androidx.recyclerview.widget.RecyclerView$ViewHolder,androidx.recyclerview.widget.RecyclerView$ViewHolder,int,int,int,int):0:0 -> <init>
androidx.recyclerview.widget.DefaultItemAnimator$MoveInfo -> c.q.c.g$f:
    androidx.recyclerview.widget.RecyclerView$ViewHolder holder -> a
    int toX -> d
    int toY -> e
    int fromX -> b
    int fromY -> c